<?xml version="1.0" encoding="UTF-8"?>
<testsuite xmlns:xsi="http://www.w3.org/2001/XMLSchema-instance" xsi:noNamespaceSchemaLocation="https://maven.apache.org/surefire/maven-surefire-plugin/xsd/surefire-test-report.xsd" name="com.udacity.cart.service.TotalsWithDiscountCalculatorTest" time="0.022" tests="5" errors="0" skipped="0" failures="0">
  <properties>
[...]
</properties>
  <testcase name="totalsWithDiscounts_regularAndPlatinumUser_returnsDifferentSubtotal{double, double, double, double, TotalsWithDiscountCalculator}[1]" classname="com.udacity.cart.service.TotalsWithDiscountCalculatorTest" time="0.01"/>
  <testcase name="totalsWithDiscounts_regularAndPlatinumUser_returnsDifferentSubtotal{double, double, double, double, TotalsWithDiscountCalculator}[2]" classname="com.udacity.cart.service.TotalsWithDiscountCalculatorTest" time="0"/>
  <testcase name="totalsWithDiscount_getTotals_reducesUserCredit{double}[1]" classname="com.udacity.cart.service.TotalsWithDiscountCalculatorTest" time="0.001"/>
  <testcase name="totalsWithDiscount_getTotals_reducesUserCredit{double}[2]" classname="com.udacity.cart.service.TotalsWithDiscountCalculatorTest" time="0"/>
  <testcase name="totalsWithDiscount_getTotals_reducesUserCredit{double}[3]" classname="com.udacity.cart.service.TotalsWithDiscountCalculatorTest" time="0.001"/>
</testsuite>